c:\users\zhangjie\desktop\qt_1\win32\debug\moc_sender.obj
c:\users\zhangjie\desktop\qt_1\win32\debug\moc_dialog.obj
c:\users\zhangjie\desktop\qt_1\win32\debug\main.obj
c:\users\zhangjie\desktop\qt_1\win32\debug\sender.obj
c:\users\zhangjie\desktop\qt_1\win32\debug\moc_mainwindow.obj
c:\users\zhangjie\desktop\qt_1\win32\debug\pbc_use.obj
c:\users\zhangjie\desktop\qt_1\win32\debug\mainwindow.obj
c:\users\zhangjie\desktop\qt_1\win32\debug\manager.obj
c:\users\zhangjie\desktop\qt_1\win32\debug\moc_manager.obj
c:\users\zhangjie\desktop\qt_1\win32\debug\vc141.pdb
c:\users\zhangjie\desktop\qt_1\win32\debug\dialog.obj
c:\users\zhangjie\desktop\qt_1\win32\debug\rsa.obj
c:\users\zhangjie\desktop\qt_1\debug\moc_predefs.h
c:\users\zhangjie\desktop\qt_1\debug\qt_1.exe
c:\users\zhangjie\desktop\qt_1\debug\qt_1.ilk
c:\users\zhangjie\desktop\qt_1\debug\qt_1.pdb
c:\users\zhangjie\desktop\qt_1\.\generatedfiles\debug\moc_dialog.cpp
c:\users\zhangjie\desktop\qt_1\.\generatedfiles\debug\moc_mainwindow.cpp
c:\users\zhangjie\desktop\qt_1\.\generatedfiles\debug\moc_manager.cpp
c:\users\zhangjie\desktop\qt_1\.\generatedfiles\debug\moc_sender.cpp
c:\users\zhangjie\desktop\qt_1\.\generatedfiles\ui_dialog.h
c:\users\zhangjie\desktop\qt_1\.\generatedfiles\ui_mainwindow.h
c:\users\zhangjie\desktop\qt_1\.\generatedfiles\ui_manager.h
c:\users\zhangjie\desktop\qt_1\.\generatedfiles\ui_sender.h
c:\users\zhangjie\desktop\qt_1\generatedfiles\debug\moc_dialog.cpp
c:\users\zhangjie\desktop\qt_1\generatedfiles\debug\moc_mainwindow.cpp
c:\users\zhangjie\desktop\qt_1\generatedfiles\debug\moc_sender.cpp
c:\users\zhangjie\desktop\qt_1\generatedfiles\ui_dialog.h
c:\users\zhangjie\desktop\qt_1\generatedfiles\ui_mainwindow.h
c:\users\zhangjie\desktop\qt_1\generatedfiles\ui_sender.h
c:\users\zhangjie\desktop\qt_1\generatedfiles\debug\moc_manager.cpp
c:\users\zhangjie\desktop\qt_1\generatedfiles\ui_manager.h
c:\users\zhangjie\desktop\qt_1\win32\debug\qt_1.tlog\cl.command.1.tlog
c:\users\zhangjie\desktop\qt_1\win32\debug\qt_1.tlog\cl.read.1.tlog
c:\users\zhangjie\desktop\qt_1\win32\debug\qt_1.tlog\cl.write.1.tlog
c:\users\zhangjie\desktop\qt_1\win32\debug\qt_1.tlog\custombuild.command.1.tlog
c:\users\zhangjie\desktop\qt_1\win32\debug\qt_1.tlog\custombuild.read.1.tlog
c:\users\zhangjie\desktop\qt_1\win32\debug\qt_1.tlog\custombuild.write.1.tlog
c:\users\zhangjie\desktop\qt_1\win32\debug\qt_1.tlog\link.command.1.tlog
c:\users\zhangjie\desktop\qt_1\win32\debug\qt_1.tlog\link.read.1.tlog
c:\users\zhangjie\desktop\qt_1\win32\debug\qt_1.tlog\link.write.1.tlog
c:\users\zhangjie\desktop\qt_1\win32\debug\qt_1.tlog\qtmoc.read.1u.tlog
c:\users\zhangjie\desktop\qt_1\win32\debug\qt_1.tlog\qtmoc.write.1u.tlog
c:\users\zhangjie\desktop\qt_1\win32\debug\qt_1.tlog\qtuic.read.1u.tlog
c:\users\zhangjie\desktop\qt_1\win32\debug\qt_1.tlog\qtuic.write.1u.tlog
c:\users\zhangjie\desktop\qt_1\win32\debug\qt_1.tlog\qt_1.write.1u.tlog
